<?xml version="1.0" encoding="UTF-8"?>
<!-- Generated by org.testng.reporters.JUnitXMLReporter -->
<testsuite hostname="user-PC" ignored="0" name="Default test" tests="3" failures="0" timestamp="31 Jan 2020 14:13:43 GMT" time="63.254" errors="0">
  <testcase name="validateCreateLeadTest" time="7.328" classname="com.AdOmega.qa.testCases.LeadsPageTest"/>
  <testcase name="validateCreateLeadTest" time="5.884" classname="com.AdOmega.qa.testCases.LeadsPageTest"/>
  <testcase name="validateCreateLeadTest" time="5.671" classname="com.AdOmega.qa.testCases.LeadsPageTest"/>
</testsuite> <!-- Default test -->
