<?xml version="1.0" encoding="UTF-8"?>
<!-- Generated by org.testng.reporters.JUnitXMLReporter -->
<testsuite hostname="user-PC" ignored="1" name="Test" tests="6" failures="0" timestamp="31 Jan 2020 18:42:02 GMT" time="123.062" errors="0">
  <testcase name="loginTest" time="1.129" classname="com.AdOmega.qa.testCases.LoginPageTest"/>
  <testcase name="validateCreateLeadTest" time="4.364" classname="com.AdOmega.qa.testCases.LeadsPageTest"/>
  <testcase name="validateCreateLeadTest" time="5.638" classname="com.AdOmega.qa.testCases.LeadsPageTest"/>
  <testcase name="validateCreateLeadTest" time="5.317" classname="com.AdOmega.qa.testCases.LeadsPageTest"/>
  <testcase name="clickOnCrmsfaLinkTest" time="7.642" classname="com.AdOmega.qa.testCases.CrmsfaPageTest"/>
  <testcase name="clickOnLeadsTabTest" time="3.343" classname="com.AdOmega.qa.testCases.HomePageTest"/>
  <testcase name="verifyHomePageTitleTest" time="0.0" classname="com.AdOmega.qa.testCases.HomePageTest">
    <ignored/>
  </testcase> <!-- verifyHomePageTitleTest -->
</testsuite> <!-- Test -->
