<?xml version="1.0" encoding="UTF-8"?>
<testng-results skipped="0" failed="0" ignored="1" total="7" passed="6">
  <reporter-output>
  </reporter-output>
  <suite name="Suite" duration-ms="123062" started-at="2020-01-31T18:39:59Z" finished-at="2020-01-31T18:42:02Z">
    <groups>
      <group name="Regression">
        <method signature="CrmsfaPageTest.clickOnCrmsfaLinkTest()[pri:0, instance:com.AdOmega.qa.testCases.CrmsfaPageTest@73ad2d6]" name="clickOnCrmsfaLinkTest" class="com.AdOmega.qa.testCases.CrmsfaPageTest"/>
        <method signature="HomePageTest.clickOnLeadsTabTest()[pri:2, instance:com.AdOmega.qa.testCases.HomePageTest@7085bdee]" name="clickOnLeadsTabTest" class="com.AdOmega.qa.testCases.HomePageTest"/>
        <method signature="LeadsPageTest.validateCreateLeadTest(java.lang.String, java.lang.String, java.lang.String)[pri:0, instance:com.AdOmega.qa.testCases.LeadsPageTest@1ce92674]" name="validateCreateLeadTest" class="com.AdOmega.qa.testCases.LeadsPageTest"/>
        <method signature="LoginPageTest.loginTest()[pri:0, instance:com.AdOmega.qa.testCases.LoginPageTest@3fee9989]" name="loginTest" class="com.AdOmega.qa.testCases.LoginPageTest"/>
      </group> <!-- Regression -->
    </groups>
    <test name="Test" duration-ms="123062" started-at="2020-01-31T18:39:59Z" finished-at="2020-01-31T18:42:02Z">
      <class name="com.AdOmega.qa.testCases.LeadsPageTest">
        <test-method status="PASS" signature="setUp()[pri:0, instance:com.AdOmega.qa.testCases.LeadsPageTest@1ce92674]" name="setUp" is-config="true" duration-ms="12555" started-at="2020-01-31T18:40:16Z" finished-at="2020-01-31T18:40:29Z">
          <reporter-output>
          </reporter-output>
        </test-method> <!-- setUp -->
        <test-method status="PASS" signature="validateCreateLeadTest(java.lang.String, java.lang.String, java.lang.String)[pri:0, instance:com.AdOmega.qa.testCases.LeadsPageTest@1ce92674]" name="validateCreateLeadTest" duration-ms="4364" started-at="2020-01-31T18:40:29Z" data-provider="getCreateLeadTestData" finished-at="2020-01-31T18:40:33Z">
          <params>
            <param index="0">
              <value>
                <![CDATA[ MM-PurpleSoft]]>
              </value>
            </param>
            <param index="1">
              <value>
                <![CDATA[purple]]>
              </value>
            </param>
            <param index="2">
              <value>
                <![CDATA[Author01]]>
              </value>
            </param>
          </params>
          <reporter-output>
          </reporter-output>
        </test-method> <!-- validateCreateLeadTest -->
        <test-method status="PASS" signature="setUp()[pri:0, instance:com.AdOmega.qa.testCases.LeadsPageTest@1ce92674]" name="setUp" is-config="true" duration-ms="13031" started-at="2020-01-31T18:40:33Z" finished-at="2020-01-31T18:40:46Z">
          <reporter-output>
          </reporter-output>
        </test-method> <!-- setUp -->
        <test-method status="PASS" signature="validateCreateLeadTest(java.lang.String, java.lang.String, java.lang.String)[pri:0, instance:com.AdOmega.qa.testCases.LeadsPageTest@1ce92674]" name="validateCreateLeadTest" duration-ms="5638" started-at="2020-01-31T18:40:46Z" data-provider="getCreateLeadTestData" finished-at="2020-01-31T18:40:52Z">
          <params>
            <param index="0">
              <value>
                <![CDATA[MM-YellowSoft]]>
              </value>
            </param>
            <param index="1">
              <value>
                <![CDATA[yellow]]>
              </value>
            </param>
            <param index="2">
              <value>
                <![CDATA[Author02]]>
              </value>
            </param>
          </params>
          <reporter-output>
          </reporter-output>
        </test-method> <!-- validateCreateLeadTest -->
        <test-method status="PASS" signature="setUp()[pri:0, instance:com.AdOmega.qa.testCases.LeadsPageTest@1ce92674]" name="setUp" is-config="true" duration-ms="19143" started-at="2020-01-31T18:40:52Z" finished-at="2020-01-31T18:41:11Z">
          <reporter-output>
          </reporter-output>
        </test-method> <!-- setUp -->
        <test-method status="PASS" signature="validateCreateLeadTest(java.lang.String, java.lang.String, java.lang.String)[pri:0, instance:com.AdOmega.qa.testCases.LeadsPageTest@1ce92674]" name="validateCreateLeadTest" duration-ms="5317" started-at="2020-01-31T18:41:11Z" data-provider="getCreateLeadTestData" finished-at="2020-01-31T18:41:16Z">
          <params>
            <param index="0">
              <value>
                <![CDATA[MM-GreenSoft]]>
              </value>
            </param>
            <param index="1">
              <value>
                <![CDATA[green]]>
              </value>
            </param>
            <param index="2">
              <value>
                <![CDATA[Author03]]>
              </value>
            </param>
          </params>
          <reporter-output>
          </reporter-output>
        </test-method> <!-- validateCreateLeadTest -->
      </class> <!-- com.AdOmega.qa.testCases.LeadsPageTest -->
      <class name="com.AdOmega.qa.testCases.LoginPageTest">
        <test-method status="PASS" signature="setUp()[pri:0, instance:com.AdOmega.qa.testCases.LoginPageTest@3fee9989]" name="setUp" is-config="true" duration-ms="13549" started-at="2020-01-31T18:39:59Z" finished-at="2020-01-31T18:40:13Z">
          <reporter-output>
          </reporter-output>
        </test-method> <!-- setUp -->
        <test-method status="PASS" signature="loginTest()[pri:0, instance:com.AdOmega.qa.testCases.LoginPageTest@3fee9989]" name="loginTest" duration-ms="1129" started-at="2020-01-31T18:40:13Z" finished-at="2020-01-31T18:40:14Z">
          <reporter-output>
          </reporter-output>
        </test-method> <!-- loginTest -->
      </class> <!-- com.AdOmega.qa.testCases.LoginPageTest -->
      <class name="com.AdOmega.qa.testCases.CrmsfaPageTest">
        <test-method status="PASS" signature="setUp()[pri:0, instance:com.AdOmega.qa.testCases.CrmsfaPageTest@73ad2d6]" name="setUp" is-config="true" duration-ms="12804" started-at="2020-01-31T18:41:16Z" finished-at="2020-01-31T18:41:29Z">
          <reporter-output>
          </reporter-output>
        </test-method> <!-- setUp -->
        <test-method status="PASS" signature="clickOnCrmsfaLinkTest()[pri:0, instance:com.AdOmega.qa.testCases.CrmsfaPageTest@73ad2d6]" name="clickOnCrmsfaLinkTest" duration-ms="7642" started-at="2020-01-31T18:41:29Z" finished-at="2020-01-31T18:41:37Z">
          <reporter-output>
          </reporter-output>
        </test-method> <!-- clickOnCrmsfaLinkTest -->
      </class> <!-- com.AdOmega.qa.testCases.CrmsfaPageTest -->
      <class name="com.AdOmega.qa.testCases.HomePageTest">
        <test-method status="PASS" signature="setUp()[pri:0, instance:com.AdOmega.qa.testCases.HomePageTest@7085bdee]" name="setUp" is-config="true" duration-ms="22370" started-at="2020-01-31T18:41:37Z" finished-at="2020-01-31T18:41:59Z">
          <reporter-output>
          </reporter-output>
        </test-method> <!-- setUp -->
        <test-method status="PASS" signature="clickOnLeadsTabTest()[pri:2, instance:com.AdOmega.qa.testCases.HomePageTest@7085bdee]" name="clickOnLeadsTabTest" duration-ms="3343" started-at="2020-01-31T18:41:59Z" finished-at="2020-01-31T18:42:02Z">
          <reporter-output>
          </reporter-output>
        </test-method> <!-- clickOnLeadsTabTest -->
      </class> <!-- com.AdOmega.qa.testCases.HomePageTest -->
    </test> <!-- Test -->
  </suite> <!-- Suite -->
</testng-results>
